actionid: py27
msg: getenv
cmdargs: '/adhome/r/rl/rlambert/GL/TP2/.tox/py27/bin/python -m pip install pytest'

DEPRECATION: Python 2.7 will reach the end of its life on January 1st, 2020. Please upgrade your Python as Python 2.7 won't be maintained after that date. A future version of pip will drop support for Python 2.7.
Collecting pytest
  Downloading https://files.pythonhosted.org/packages/0d/c4/8093b4ffdde66628d4cb138d1d53726e2c21c23ac397cb75494e3f4310c9/pytest-4.2.0-py2.py3-none-any.whl (218kB)
Requirement already satisfied: setuptools in ./.tox/py27/lib/python2.7/site-packages (from pytest) (40.7.3)
Collecting more-itertools>=4.0.0 (from pytest)
  Downloading https://files.pythonhosted.org/packages/2f/9d/dcfe59e213093695f108508af1214cf9cd95cc5489e46877ec5cb56369e5/more_itertools-5.0.0-py2-none-any.whl (52kB)
Collecting atomicwrites>=1.0 (from pytest)
  Downloading https://files.pythonhosted.org/packages/52/90/6155aa926f43f2b2a22b01be7241be3bfd1ceaf7d0b3267213e8127d41f4/atomicwrites-1.3.0-py2.py3-none-any.whl
Collecting pluggy>=0.7 (from pytest)
  Using cached https://files.pythonhosted.org/packages/2d/60/f58d9e8197f911f9405bf7e02227b43a2acc2c2f1a8cbb1be5ecf6bfd0b8/pluggy-0.8.1-py2.py3-none-any.whl
Collecting py>=1.5.0 (from pytest)
  Using cached https://files.pythonhosted.org/packages/3e/c7/3da685ef117d42ac8d71af525208759742dd235f8094221fdaafcd3dba8f/py-1.7.0-py2.py3-none-any.whl
Collecting funcsigs; python_version < "3.0" (from pytest)
  Downloading https://files.pythonhosted.org/packages/69/cb/f5be453359271714c01b9bd06126eaf2e368f1fddfff30818754b5ac2328/funcsigs-1.0.2-py2.py3-none-any.whl
Collecting attrs>=17.4.0 (from pytest)
  Downloading https://files.pythonhosted.org/packages/3a/e1/5f9023cc983f1a628a8c2fd051ad19e76ff7b142a0faf329336f9a62a514/attrs-18.2.0-py2.py3-none-any.whl
Collecting pathlib2>=2.2.0; python_version < "3.6" (from pytest)
  Downloading https://files.pythonhosted.org/packages/2a/46/c696dcf1c7aad917b39b875acdc5451975e3a9b4890dca8329983201c97a/pathlib2-2.3.3-py2.py3-none-any.whl
Collecting six>=1.10.0 (from pytest)
  Using cached https://files.pythonhosted.org/packages/73/fb/00a976f728d0d1fecfe898238ce23f502a721c0ac0ecfedb80e0d88c64e9/six-1.12.0-py2.py3-none-any.whl
Collecting scandir; python_version < "3.5" (from pathlib2>=2.2.0; python_version < "3.6"->pytest)
  Downloading https://files.pythonhosted.org/packages/16/2a/557af1181e6b4e30254d5a6163b18f5053791ca66e251e77ab08887e8fe3/scandir-1.9.0.tar.gz
Building wheels for collected packages: scandir
  Building wheel for scandir (setup.py): started
  Building wheel for scandir (setup.py): finished with status 'done'
  Stored in directory: /adhome/r/rl/rlambert/.cache/pip/wheels/f8/0f/92/c4c88ade5511836769f6cfa676ffe9661393a6a648cb173b8f
Successfully built scandir
Installing collected packages: six, more-itertools, atomicwrites, pluggy, py, funcsigs, attrs, scandir, pathlib2, pytest
Successfully installed atomicwrites-1.3.0 attrs-18.2.0 funcsigs-1.0.2 more-itertools-5.0.0 pathlib2-2.3.3 pluggy-0.8.1 py-1.7.0 pytest-4.2.0 scandir-1.9.0 six-1.12.0
